opened convpng.ini

--- all_gfx (C) ---
building palette with [256] available indices ...
built palette with [6] indices.
palette quality : 100.00%
transparent color index : 0
transparent color : 0xFEB8
12:
 black_bishop : 100.00%
 black_king : 100.00%
 black_knight : 100.00%
 black_pawn : 100.00%
 black_queen : 100.00%
 black_rook : 100.00%
 white_bishop : 100.00%
 white_king : 100.00%
 white_knight : 100.00%
 white_pawn : 100.00%
 white_queen : 100.00%
 white_rook : 100.00%

converted in 0 s

finished!
